app/build/outputs/logs/manifest-merger-debug-report.txt
-- Merging decision tree log ---
manifest
ADDED from src/main/AndroidManifest.xml:2:1-37:12
	xmlns:android
		ADDED from src/main/AndroidManifest.xml:2:11-69
	package
		ADDED from src/main/AndroidManifest.xml:3:7-30
		INJECTED from src/main/AndroidManifest.xml
		INJECTED from src/main/AndroidManifest.xml
	android:versionName
		ADDED from src/main/AndroidManifest.xml:5:7-38
		INJECTED from src/main/AndroidManifest.xml
		INJECTED from src/main/AndroidManifest.xml
	android:versionCode
		ADDED from src/main/AndroidManifest.xml:4:7-30
		INJECTED from src/main/AndroidManifest.xml
		INJECTED from src/main/AndroidManifest.xml
application
ADDED from src/main/AndroidManifest.xml:6:5-33:19
	android:label
		ADDED from src/main/AndroidManifest.xml:6:48-80
	android:icon
		ADDED from src/main/AndroidManifest.xml:6:18-47
activity#com.lookahead.Main
ADDED from src/main/AndroidManifest.xml:8:11-16:14
	android:screenOrientation
		ADDED from src/main/AndroidManifest.xml:10:4-40
	android:label
		ADDED from src/main/AndroidManifest.xml:11:4-36
	android:name
		ADDED from src/main/AndroidManifest.xml:9:4-24
intent-filter#android.intent.action.MAIN+android.intent.category.LAUNCHER
ADDED from src/main/AndroidManifest.xml:12:4-15:20
action#android.intent.action.MAIN
ADDED from src/main/AndroidManifest.xml:13:5-57
	android:name
		ADDED from src/main/AndroidManifest.xml:13:13-54
category#android.intent.category.LAUNCHER
ADDED from src/main/AndroidManifest.xml:14:5-65
	android:name
		ADDED from src/main/AndroidManifest.xml:14:15-62
activity#com.lookahead.Coarse
ADDED from src/main/AndroidManifest.xml:17:11-25:14
	android:screenOrientation
		ADDED from src/main/AndroidManifest.xml:19:4-40
	android:label
		ADDED from src/main/AndroidManifest.xml:20:4-36
	android:name
		ADDED from src/main/AndroidManifest.xml:18:4-26
intent-filter#android.intent.action.MAIN+android.intent.category.OLDLAUNCHER
ADDED from src/main/AndroidManifest.xml:21:4-24:20
category#android.intent.category.OLDLAUNCHER
ADDED from src/main/AndroidManifest.xml:23:5-68
	android:name
		ADDED from src/main/AndroidManifest.xml:23:15-65
activity#com.lookahead.PreferencesFromXml
ADDED from src/main/AndroidManifest.xml:26:10-32:20
	android:label
		ADDED from src/main/AndroidManifest.xml:27:19-45
	android:name
		ADDED from src/main/AndroidManifest.xml:26:20-54
intent-filter#android.intent.action.MAIN+android.intent.category.PREFERENCEY
ADDED from src/main/AndroidManifest.xml:28:13-31:29
category#android.intent.category.PREFERENCEY
ADDED from src/main/AndroidManifest.xml:30:17-80
	android:name
		ADDED from src/main/AndroidManifest.xml:30:27-77
uses-sdk
ADDED from src/main/AndroidManifest.xml:34:5-43
	android:targetSdkVersion
		INJECTED from src/main/AndroidManifest.xml
		INJECTED from src/main/AndroidManifest.xml
	android:minSdkVersion
		ADDED from src/main/AndroidManifest.xml:34:15-40
		INJECTED from src/main/AndroidManifest.xml
		INJECTED from src/main/AndroidManifest.xml
uses-permission#android.permission.ACCESS_COARSE_LOCATION
ADDED from src/main/AndroidManifest.xml:35:2-78
	android:name
		ADDED from src/main/AndroidManifest.xml:35:19-75
uses-permission#android.permission.ACCESS_FINE_LOCATION
ADDED from src/main/AndroidManifest.xml:36:2-76
	android:name
		ADDED from src/main/AndroidManifest.xml:36:19-73